[INFO  - 2018-06-04T07:19:00.015Z] GhostDriver - Main - running on port 55614
[INFO  - 2018-06-04T07:19:02.274Z] Session [8e8f29e0-67c7-11e8-b50b-e51425c5f68f] - page.settings - {"XSSAuditingEnabled":false,"javascriptCanCloseWindows":true,"javascriptCanOpenWindows":true,"javascriptEnabled":true,"loadImages":true,"localToRemoteUrlAccessEnabled":false,"userAgent":"Mozilla/5.0 (Windows NT 6.2; WOW64) AppleWebKit/538.1 (KHTML, like Gecko) PhantomJS/2.1.1 Safari/538.1","webSecurityEnabled":true}
[INFO  - 2018-06-04T07:19:02.274Z] Session [8e8f29e0-67c7-11e8-b50b-e51425c5f68f] - page.customHeaders:  - {}
[INFO  - 2018-06-04T07:19:02.274Z] Session [8e8f29e0-67c7-11e8-b50b-e51425c5f68f] - Session.negotiatedCapabilities - {"browserName":"phantomjs","version":"2.1.1","driverName":"ghostdriver","driverVersion":"1.2.0","platform":"windows-10-32bit","javascriptEnabled":true,"takesScreenshot":true,"handlesAlerts":false,"databaseEnabled":false,"locationContextEnabled":false,"applicationCacheEnabled":false,"browserConnectionEnabled":false,"cssSelectorsEnabled":true,"webStorageEnabled":false,"rotatable":false,"acceptSslCerts":false,"nativeEvents":true,"proxy":{"proxyType":"direct"}}
[INFO  - 2018-06-04T07:19:02.274Z] SessionManagerReqHand - _postNewSessionCommand - New Session Created: 8e8f29e0-67c7-11e8-b50b-e51425c5f68f
[ERROR - 2018-06-04T07:22:49.033Z] Session [8e8f29e0-67c7-11e8-b50b-e51425c5f68f] - page.onError - msg: RangeError: Maximum call stack size exceeded.

  phantomjs://platform/console++.js:263 in error
[ERROR - 2018-06-04T07:22:49.034Z] Session [8e8f29e0-67c7-11e8-b50b-e51425c5f68f] - page.onError - stack:
  replace (https://mc.stu.126.net/pub/s/core_2fba855acde252106c3a9e9436de1d5a.js:16)
  (anonymous function) (https://mc.stu.126.net/pub/s/core_2fba855acde252106c3a9e9436de1d5a.js:16)
  replace (:0)
  replace (https://mc.stu.126.net/pub/s/core_2fba855acde252106c3a9e9436de1d5a.js:16)
  t (https://mc.stu.126.net/pub/s/core_2fba855acde252106c3a9e9436de1d5a.js:13)
  (anonymous function) (https://mc.stu.126.net/pub/s/core_2fba855acde252106c3a9e9436de1d5a.js:13)
  e (https://mc.stu.126.net/pub/s/core_2fba855acde252106c3a9e9436de1d5a.js:13)
  e (https://mc.stu.126.net/pub/s/core_2fba855acde252106c3a9e9436de1d5a.js:13)
  e (https://mc.stu.126.net/pub/s/core_2fba855acde252106c3a9e9436de1d5a.js:13)
  e (https://mc.stu.126.net/pub/s/core_2fba855acde252106c3a9e9436de1d5a.js:13)
  e (https://mc.stu.126.net/pub/s/core_2fba855acde252106c3a9e9436de1d5a.js:13)
  e (https://mc.stu.126.net/pub/s/core_2fba855acde252106c3a9e9436de1d5a.js:13)
  e (https://mc.stu.126.net/pub/s/core_2fba855acde252106c3a9e9436de1d5a.js:13)
  e (https://mc.stu.126.net/pub/s/core_2fba855acde252106c3a9e9436de1d5a.js:13)
  e (https://mc.stu.126.net/pub/s/core_2fba855acde252106c3a9e9436de1d5a.js:13)
  e (https://mc.stu.126.net/pub/s/core_2fba855acde252106c3a9e9436de1d5a.js:13)
  e (https://mc.stu.126.net/pub/s/core_2fba855acde252106c3a9e9436de1d5a.js:13)
  e (https://mc.stu.126.net/pub/s/core_2fba855acde252106c3a9e9436de1d5a.js:13)
  e (https://mc.stu.126.net/pub/s/core_2fba855acde252106c3a9e9436de1d5a.js:13)
  e (https://mc.stu.126.net/pub/s/core_2fba855acde252106c3a9e9436de1d5a.js:13)
  e (https://mc.stu.126.net/pub/s/core_2fba855acde252106c3a9e9436de1d5a.js:13)
  e (https://mc.stu.126.net/pub/s/core_2fba855acde252106c3a9e9436de1d5a.js:13)
  e (https://mc.stu.126.net/pub/s/core_2fba855acde252106c3a9e9436de1d5a.js:13)
  e (https://mc.stu.126.net/pub/s/core_2fba855acde252106c3a9e9436de1d5a.js:13)
  e (https://mc.stu.126.net/pub/s/core_2fba855acde252106c3a9e9436de1d5a.js:13)
  e (https://mc.stu.126.net/pub/s/core_2fba855acde252106c3a9e9436de1d5a.js:13)
  e (https://mc.stu.126.net/pub/s/core_2fba855acde252106c3a9e9436de1d5a.js:13)
  e (https://mc.stu.126.net/pub/s/core_2fba855acde252106c3a9e9436de1d5a.js:13)
  e (https://mc.stu.126.net/pub/s/core_2fba855acde252106c3a9e9436de1d5a.js:13)
  e (https://mc.stu.126.net/pub/s/core_2fba855acde252106c3a9e9436de1d5a.js:13)
  e (https://mc.stu.126.net/pub/s/core_2fba855acde252106c3a9e9436de1d5a.js:13)
  e (https://mc.stu.126.net/pub/s/core_2fba855acde252106c3a9e9436de1d5a.js:13)
  e (https://mc.stu.126.net/pub/s/core_2fba855acde252106c3a9e9436de1d5a.js:13)
  e (https://mc.stu.126.net/pub/s/core_2fba855acde252106c3a9e9436de1d5a.js:13)
  e (https://mc.stu.126.net/pub/s/core_2fba855acde252106c3a9e9436de1d5a.js:13)
  e (https://mc.stu.126.net/pub/s/core_2fba855acde252106c3a9e9436de1d5a.js:13)
  e (https://mc.stu.126.net/pub/s/core_2fba855acde252106c3a9e9436de1d5a.js:13)
  e (https://mc.stu.126.net/pub/s/core_2fba855acde252106c3a9e9436de1d5a.js:13)
  e (https://mc.stu.126.net/pub/s/core_2fba855acde252106c3a9e9436de1d5a.js:13)
  e (https://mc.stu.126.net/pub/s/core_2fba855acde252106c3a9e9436de1d5a.js:13)
  e (https://mc.stu.126.net/pub/s/core_2fba855acde252106c3a9e9436de1d5a.js:13)
  e (https://mc.stu.126.net/pub/s/core_2fba855acde252106c3a9e9436de1d5a.js:13)
  e (https://mc.stu.126.net/pub/s/core_2fba855acde252106c3a9e9436de1d5a.js:13)
  e (https://mc.stu.126.net/pub/s/core_2fba855acde252106c3a9e9436de1d5a.js:13)
  e (https://mc.stu.126.net/pub/s/core_2fba855acde252106c3a9e9436de1d5a.js:13)
  e (https://mc.stu.126.net/pub/s/core_2fba855acde252106c3a9e9436de1d5a.js:13)
  e (https://mc.stu.126.net/pub/s/core_2fba855acde252106c3a9e9436de1d5a.js:13)
  e (https://mc.stu.126.net/pub/s/core_2fba855acde252106c3a9e9436de1d5a.js:13)
  e (https://mc.stu.126.net/pub/s/core_2fba855acde252106c3a9e9436de1d5a.js:13)
  e (https://mc.stu.126.net/pub/s/core_2fba855acde252106c3a9e9436de1d5a.js:13)
  e (https://mc.stu.126.net/pub/s/core_2fba855acde252106c3a9e9436de1d5a.js:13)
  e (https://mc.stu.126.net/pub/s/core_2fba855acde252106c3a9e9436de1d5a.js:13)
  e (https://mc.stu.126.net/pub/s/core_2fba855acde252106c3a9e9436de1d5a.js:13)
  e (https://mc.stu.126.net/pub/s/core_2fba855acde252106c3a9e9436de1d5a.js:13)
  e (https://mc.stu.126.net/pub/s/core_2fba855acde252106c3a9e9436de1d5a.js:13)
  e (https://mc.stu.126.net/pub/s/core_2fba855acde252106c3a9e9436de1d5a.js:13)
  e (https://mc.stu.126.net/pub/s/core_2fba855acde252106c3a9e9436de1d5a.js:13)
  e (https://mc.stu.126.net/pub/s/core_2fba855acde252106c3a9e9436de1d5a.js:13)
  e (https://mc.stu.126.net/pub/s/core_2fba855acde252106c3a9e9436de1d5a.js:13)
  e (https://mc.stu.126.net/pub/s/core_2fba855acde252106c3a9e9436de1d5a.js:13)
  e (https://mc.stu.126.net/pub/s/core_2fba855acde252106c3a9e9436de1d5a.js:13)
  e (https://mc.stu.126.net/pub/s/core_2fba855acde252106c3a9e9436de1d5a.js:13)
  e (https://mc.stu.126.net/pub/s/core_2fba855acde252106c3a9e9436de1d5a.js:13)
  e (https://mc.stu.126.net/pub/s/core_2fba855acde252106c3a9e9436de1d5a.js:13)
  e (https://mc.stu.126.net/pub/s/core_2fba855acde252106c3a9e9436de1d5a.js:13)
  e (https://mc.stu.126.net/pub/s/core_2fba855acde252106c3a9e9436de1d5a.js:13)
  e (https://mc.stu.126.net/pub/s/core_2fba855acde252106c3a9e9436de1d5a.js:13)
  e (https://mc.stu.126.net/pub/s/core_2fba855acde252106c3a9e9436de1d5a.js:13)
  e (https://mc.stu.126.net/pub/s/core_2fba855acde252106c3a9e9436de1d5a.js:13)
  e (https://mc.stu.126.net/pub/s/core_2fba855acde252106c3a9e9436de1d5a.js:13)
  e (https://mc.stu.126.net/pub/s/core_2fba855acde252106c3a9e9436de1d5a.js:13)
  e (https://mc.stu.126.net/pub/s/core_2fba855acde252106c3a9e9436de1d5a.js:13)
  e (https://mc.stu.126.net/pub/s/core_2fba855acde252106c3a9e9436de1d5a.js:13)
  e (https://mc.stu.126.net/pub/s/core_2fba855acde252106c3a9e9436de1d5a.js:13)
  e (https://mc.stu.126.net/pub/s/core_2fba855acde252106c3a9e9436de1d5a.js:13)
  e (https://mc.stu.126.net/pub/s/core_2fba855acde252106c3a9e9436de1d5a.js:13)
  e (https://mc.stu.126.net/pub/s/core_2fba855acde252106c3a9e9436de1d5a.js:13)
  e (https://mc.stu.126.net/pub/s/core_2fba855acde252106c3a9e9436de1d5a.js:13)
  e (https://mc.stu.126.net/pub/s/core_2fba855acde252106c3a9e9436de1d5a.js:13)
  e (https://mc.stu.126.net/pub/s/core_2fba855acde252106c3a9e9436de1d5a.js:13)
  e (https://mc.stu.126.net/pub/s/core_2fba855acde252106c3a9e9436de1d5a.js:13)
  e (https://mc.stu.126.net/pub/s/core_2fba855acde252106c3a9e9436de1d5a.js:13)
  e (https://mc.stu.126.net/pub/s/core_2fba855acde252106c3a9e9436de1d5a.js:13)
  e (https://mc.stu.126.net/pub/s/core_2fba855acde252106c3a9e9436de1d5a.js:13)
  e (https://mc.stu.126.net/pub/s/core_2fba855acde252106c3a9e9436de1d5a.js:13)
  e (https://mc.stu.126.net/pub/s/core_2fba855acde252106c3a9e9436de1d5a.js:13)
  e (https://mc.stu.126.net/pub/s/core_2fba855acde252106c3a9e9436de1d5a.js:13)
  e (https://mc.stu.126.net/pub/s/core_2fba855acde252106c3a9e9436de1d5a.js:13)
  e (https://mc.stu.126.net/pub/s/core_2fba855acde252106c3a9e9436de1d5a.js:13)
  e (https://mc.stu.126.net/pub/s/core_2fba855acde252106c3a9e9436de1d5a.js:13)
  e (https://mc.stu.126.net/pub/s/core_2fba855acde252106c3a9e9436de1d5a.js:13)
  e (https://mc.stu.126.net/pub/s/core_2fba855acde252106c3a9e9436de1d5a.js:13)
  e (https://mc.stu.126.net/pub/s/core_2fba855acde252106c3a9e9436de1d5a.js:13)
  e (https://mc.stu.126.net/pub/s/core_2fba855acde252106c3a9e9436de1d5a.js:13)
  e (https://mc.stu.126.net/pub/s/core_2fba855acde252106c3a9e9436de1d5a.js:13)
  e (https://mc.stu.126.net/pub/s/core_2fba855acde252106c3a9e9436de1d5a.js:13)
  e (https://mc.stu.126.net/pub/s/core_2fba855acde252106c3a9e9436de1d5a.js:13)
  e (https://mc.stu.126.net/pub/s/core_2fba855acde252106c3a9e9436de1d5a.js:13)
  e (https://mc.stu.126.net/pub/s/core_2fba855acde252106c3a9e9436de1d5a.js:13)
  e (https://mc.stu.126.net/pub/s/core_2fba855acde252106c3a9e9436de1d5a.js:13)
  e (https://mc.stu.126.net/pub/s/core_2fba855acde252106c3a9e9436de1d5a.js:13)
  e (https://mc.stu.126.net/pub/s/core_2fba855acde252106c3a9e9436de1d5a.js:13)
  e (https://mc.stu.126.net/pub/s/core_2fba855acde252106c3a9e9436de1d5a.js:13)
  e (https://mc.stu.126.net/pub/s/core_2fba855acde252106c3a9e9436de1d5a.js:13)
  e (https://mc.stu.126.net/pub/s/core_2fba855acde252106c3a9e9436de1d5a.js:13)
  e (https://mc.stu.126.net/pub/s/core_2fba855acde252106c3a9e9436de1d5a.js:13)
  e (https://mc.stu.126.net/pub/s/core_2fba855acde252106c3a9e9436de1d5a.js:13)
  e (https://mc.stu.126.net/pub/s/core_2fba855acde252106c3a9e9436de1d5a.js:13)
  e (https://mc.stu.126.net/pub/s/core_2fba855acde252106c3a9e9436de1d5a.js:13)
  e (https://mc.stu.126.net/pub/s/core_2fba855acde252106c3a9e9436de1d5a.js:13)
  e (https://mc.stu.126.net/pub/s/core_2fba855acde252106c3a9e9436de1d5a.js:13)
  e (https://mc.stu.126.net/pub/s/core_2fba855acde252106c3a9e9436de1d5a.js:13)
  e (https://mc.stu.126.net/pub/s/core_2fba855acde252106c3a9e9436de1d5a.js:13)
  e (https://mc.stu.126.net/pub/s/core_2fba855acde252106c3a9e9436de1d5a.js:13)
  e (https://mc.stu.126.net/pub/s/core_2fba855acde252106c3a9e9436de1d5a.js:13)
  e (https://mc.stu.126.net/pub/s/core_2fba855acde252106c3a9e9436de1d5a.js:13)
  e (https://mc.stu.126.net/pub/s/core_2fba855acde252106c3a9e9436de1d5a.js:13)
  e (https://mc.stu.126.net/pub/s/core_2fba855acde252106c3a9e9436de1d5a.js:13)
  e (https://mc.stu.126.net/pub/s/core_2fba855acde252106c3a9e9436de1d5a.js:13)
  e (https://mc.stu.126.net/pub/s/core_2fba855acde252106c3a9e9436de1d5a.js:13)
  e (https://mc.stu.126.net/pub/s/core_2fba855acde252106c3a9e9436de1d5a.js:13)
  e (https://mc.stu.126.net/pub/s/core_2fba855acde252106c3a9e9436de1d5a.js:13)
  e (https://mc.stu.126.net/pub/s/core_2fba855acde252106c3a9e9436de1d5a.js:13)
  e (https://mc.stu.126.net/pub/s/core_2fba855acde252106c3a9e9436de1d5a.js:13)
  e (https://mc.stu.126.net/pub/s/core_2fba855acde252106c3a9e9436de1d5a.js:13)
  e (https://mc.stu.126.net/pub/s/core_2fba855acde252106c3a9e9436de1d5a.js:13)
  e (https://mc.stu.126.net/pub/s/core_2fba855acde252106c3a9e9436de1d5a.js:13)
  e (https://mc.stu.126.net/pub/s/core_2fba855acde252106c3a9e9436de1d5a.js:13)
  e (https://mc.stu.126.net/pub/s/core_2fba855acde252106c3a9e9436de1d5a.js:13)
  e (https://mc.stu.126.net/pub/s/core_2fba855acde252106c3a9e9436de1d5a.js:13)
  e (https://mc.stu.126.net/pub/s/core_2fba855acde252106c3a9e9436de1d5a.js:13)
  e (https://mc.stu.126.net/pub/s/core_2fba855acde252106c3a9e9436de1d5a.js:13)
  e (https://mc.stu.126.net/pub/s/core_2fba855acde252106c3a9e9436de1d5a.js:13)
  e (https://mc.stu.126.net/pub/s/core_2fba855acde252106c3a9e9436de1d5a.js:13)
  e (https://mc.stu.126.net/pub/s/core_2fba855acde252106c3a9e9436de1d5a.js:13)
  e (https://mc.stu.126.net/pub/s/core_2fba855acde252106c3a9e9436de1d5a.js:13)
  e (https://mc.stu.126.net/pub/s/core_2fba855acde252106c3a9e9436de1d5a.js:13)
  e (https://mc.stu.126.net/pub/s/core_2fba855acde252106c3a9e9436de1d5a.js:13)
  e (https://mc.stu.126.net/pub/s/core_2fba855acde252106c3a9e9436de1d5a.js:13)
  e (https://mc.stu.126.net/pub/s/core_2fba855acde252106c3a9e9436de1d5a.js:13)
  e (https://mc.stu.126.net/pub/s/core_2fba855acde252106c3a9e9436de1d5a.js:13)
  e (https://mc.stu.126.net/pub/s/core_2fba855acde252106c3a9e9436de1d5a.js:13)
  e (https://mc.stu.126.net/pub/s/core_2fba855acde252106c3a9e9436de1d5a.js:13)
  e (https://mc.stu.126.net/pub/s/core_2fba855acde252106c3a9e9436de1d5a.js:13)
  e (https://mc.stu.126.net/pub/s/core_2fba855acde252106c3a9e9436de1d5a.js:13)
  e (https://mc.stu.126.net/pub/s/core_2fba855acde252106c3a9e9436de1d5a.js:13)
  e (https://mc.stu.126.net/pub/s/core_2fba855acde252106c3a9e9436de1d5a.js:13)
  e (https://mc.stu.126.net/pub/s/core_2fba855acde252106c3a9e9436de1d5a.js:13)
  e (https://mc.stu.126.net/pub/s/core_2fba855acde252106c3a9e9436de1d5a.js:13)
  e (https://mc.stu.126.net/pub/s/core_2fba855acde252106c3a9e9436de1d5a.js:13)
  e (https://mc.stu.126.net/pub/s/core_2fba855acde252106c3a9e9436de1d5a.js:13)
  e (https://mc.stu.126.net/pub/s/core_2fba855acde252106c3a9e9436de1d5a.js:13)
  e (https://mc.stu.126.net/pub/s/core_2fba855acde252106c3a9e9436de1d5a.js:13)
  e (https://mc.stu.126.net/pub/s/core_2fba855acde252106c3a9e9436de1d5a.js:13)
  e (https://mc.stu.126.net/pub/s/core_2fba855acde252106c3a9e9436de1d5a.js:13)
  e (https://mc.stu.126.net/pub/s/core_2fba855acde252106c3a9e9436de1d5a.js:13)
  e (https://mc.stu.126.net/pub/s/core_2fba855acde252106c3a9e9436de1d5a.js:13)
  e (https://mc.stu.126.net/pub/s/core_2fba855acde252106c3a9e9436de1d5a.js:13)
  e (https://mc.stu.126.net/pub/s/core_2fba855acde252106c3a9e9436de1d5a.js:13)
  e (https://mc.stu.126.net/pub/s/core_2fba855acde252106c3a9e9436de1d5a.js:13)
  e (https://mc.stu.126.net/pub/s/core_2fba855acde252106c3a9e9436de1d5a.js:13)
  e (https://mc.stu.126.net/pub/s/core_2fba855acde252106c3a9e9436de1d5a.js:13)
  e (https://mc.stu.126.net/pub/s/core_2fba855acde252106c3a9e9436de1d5a.js:13)
  e (https://mc.stu.126.net/pub/s/core_2fba855acde252106c3a9e9436de1d5a.js:13)
  e (https://mc.stu.126.net/pub/s/core_2fba855acde252106c3a9e9436de1d5a.js:13)
  e (https://mc.stu.126.net/pub/s/core_2fba855acde252106c3a9e9436de1d5a.js:13)
  e (https://mc.stu.126.net/pub/s/core_2fba855acde252106c3a9e9436de1d5a.js:13)
  e (https://mc.stu.126.net/pub/s/core_2fba855acde252106c3a9e9436de1d5a.js:13)
  e (https://mc.stu.126.net/pub/s/core_2fba855acde252106c3a9e9436de1d5a.js:13)
  e (https://mc.stu.126.net/pub/s/core_2fba855acde252106c3a9e9436de1d5a.js:13)
  e (https://mc.stu.126.net/pub/s/core_2fba855acde252106c3a9e9436de1d5a.js:13)
  e (https://mc.stu.126.net/pub/s/core_2fba855acde252106c3a9e9436de1d5a.js:13)
  e (https://mc.stu.126.net/pub/s/core_2fba855acde252106c3a9e9436de1d5a.js:13)
  e (https://mc.stu.126.net/pub/s/core_2fba855acde252106c3a9e9436de1d5a.js:13)
  e (https://mc.stu.126.net/pub/s/core_2fba855acde252106c3a9e9436de1d5a.js:13)
  e (https://mc.stu.126.net/pub/s/core_2fba855acde252106c3a9e9436de1d5a.js:13)
  e (https://mc.stu.126.net/pub/s/core_2fba855acde252106c3a9e9436de1d5a.js:13)
  e (https://mc.stu.126.net/pub/s/core_2fba855acde252106c3a9e9436de1d5a.js:13)
  e (https://mc.stu.126.net/pub/s/core_2fba855acde252106c3a9e9436de1d5a.js:13)
  e (https://mc.stu.126.net/pub/s/core_2fba855acde252106c3a9e9436de1d5a.js:13)
  e (https://mc.stu.126.net/pub/s/core_2fba855acde252106c3a9e9436de1d5a.js:13)
  e (https://mc.stu.126.net/pub/s/core_2fba855acde252106c3a9e9436de1d5a.js:13)
  e (https://mc.stu.126.net/pub/s/core_2fba855acde252106c3a9e9436de1d5a.js:13)
  e (https://mc.stu.126.net/pub/s/core_2fba855acde252106c3a9e9436de1d5a.js:13)
  e (https://mc.stu.126.net/pub/s/core_2fba855acde252106c3a9e9436de1d5a.js:13)
  e (https://mc.stu.126.net/pub/s/core_2fba855acde252106c3a9e9436de1d5a.js:13)
  e (https://mc.stu.126.net/pub/s/core_2fba855acde252106c3a9e9436de1d5a.js:13)
  e (https://mc.stu.126.net/pub/s/core_2fba855acde252106c3a9e9436de1d5a.js:13)
  e (https://mc.stu.126.net/pub/s/core_2fba855acde252106c3a9e9436de1d5a.js:13)
  e (https://mc.stu.126.net/pub/s/core_2fba855acde252106c3a9e9436de1d5a.js:13)
  e (https://mc.stu.126.net/pub/s/core_2fba855acde252106c3a9e9436de1d5a.js:13)
  e (https://mc.stu.126.net/pub/s/core_2fba855acde252106c3a9e9436de1d5a.js:13)
  e (https://mc.stu.126.net/pub/s/core_2fba855acde252106c3a9e9436de1d5a.js:13)
  e (https://mc.stu.126.net/pub/s/core_2fba855acde252106c3a9e9436de1d5a.js:13)
  e (https://mc.stu.126.net/pub/s/core_2fba855acde252106c3a9e9436de1d5a.js:13)
  e (https://mc.stu.126.net/pub/s/core_2fba855acde252106c3a9e9436de1d5a.js:13)
  e (https://mc.stu.126.net/pub/s/core_2fba855acde252106c3a9e9436de1d5a.js:13)
  e (https://mc.stu.126.net/pub/s/core_2fba855acde252106c3a9e9436de1d5a.js:13)
  e (https://mc.stu.126.net/pub/s/core_2fba855acde252106c3a9e9436de1d5a.js:13)
  e (https://mc.stu.126.net/pub/s/core_2fba855acde252106c3a9e9436de1d5a.js:13)

  phantomjs://platform/console++.js:263 in error
[ERROR - 2018-06-04T07:22:49.038Z] Session [8e8f29e0-67c7-11e8-b50b-e51425c5f68f] - page.onError - msg: TypeError: undefined is not a constructor (evaluating 'e.$extends({name:"ux-pager",css:n,template:t})')

  phantomjs://platform/console++.js:263 in error
[ERROR - 2018-06-04T07:22:49.038Z] Session [8e8f29e0-67c7-11e8-b50b-e51425c5f68f] - page.onError - stack:
  (anonymous function) (https://mc.stu.126.net/pub/s/pt_web_category_index_b78c50e17514fed388364c72a1594671.js:2)
  (anonymous function) (https://mc.stu.126.net/pub/s/core_2fba855acde252106c3a9e9436de1d5a.js:1)

  phantomjs://platform/console++.js:263 in error
[INFO  - 2018-06-04T07:24:00.028Z] SessionManagerReqHand - _cleanupWindowlessSessions - Asynchronous Sessions clean-up phase starting NOW
[ERROR - 2018-06-04T07:24:43.800Z] RouterReqHand - _handle.error - {"name":"Invalid Command Method","message":"{\"headers\":{\"Accept\":\"application/json\",\"Accept-Encoding\":\"identity\",\"Connection\":\"close\",\"Content-Type\":\"application/json;charset=UTF-8\",\"Host\":\"127.0.0.1:55614\",\"User-Agent\":\"Python http auth\"},\"httpVersion\":\"1.1\",\"method\":\"GET\",\"url\":\"/orientation\",\"urlParsed\":{\"anchor\":\"\",\"query\":\"\",\"file\":\"orientation\",\"directory\":\"/\",\"path\":\"/orientation\",\"relative\":\"/orientation\",\"port\":\"\",\"host\":\"\",\"password\":\"\",\"user\":\"\",\"userInfo\":\"\",\"authority\":\"\",\"protocol\":\"\",\"source\":\"/orientation\",\"queryKey\":{},\"chunks\":[\"orientation\"]},\"urlOriginal\":\"/session/8e8f29e0-67c7-11e8-b50b-e51425c5f68f/orientation\"}","line":202,"sourceURL":"phantomjs://code/session_request_handler.js","stack":"_handle@phantomjs://code/session_request_handler.js:202:66\n_reroute@phantomjs://code/request_handler.js:61:20\n_handle@phantomjs://code/router_request_handler.js:78:46"}

  phantomjs://platform/console++.js:263 in error
